1548511379632	mozrunner::runner	INFO	Running command: "/usr/bin/firefox" "-marionette" "-foreground" "-no-remote" "-profile" "/tmp/rust_mozprofile.XY9qPCuTQ0nX"
1548511380319	addons.webextension.screenshots@mozilla.org	WARN	Loading extension 'screenshots@mozilla.org': Reading manifest: Invalid host permission: resource://pdf.js/
1548511380319	addons.webextension.screenshots@mozilla.org	WARN	Loading extension 'screenshots@mozilla.org': Reading manifest: Invalid host permission: about:reader*

(firefox:4339): Gtk-WARNING **: 15:03:00.627: Theme parsing error: <data>:1:34: Expected ')' in color definition

(firefox:4339): Gtk-WARNING **: 15:03:00.628: Theme parsing error: <data>:1:77: Expected ')' in color definition
1548511382289	Marionette	INFO	Listening on port 36459
1548511382351	Marionette	WARN	TLS certificate errors will be ignored for this session
console.error: BroadcastService: 
  receivedBroadcastMessage: handler for
  remote-settings/monitor_changes
  threw error:
  Message: Error: Polling for changes failed: NetworkError when attempting to fetch resource..
  Stack:
    remoteSettingsFunction/remoteSettings.pollChanges@resource://services-settings/remote-settings.js:750:13

JavaScript warning: https://demis.awangarda.nscontext.eu/?masterId=mi1688a7dfd8a413b64311e7c7f4d, line 30: unreachable code after return statement
JavaScript error: https://s0.2mdn.net/instream/video/client.js, line 32: NS_ERROR_NOT_INITIALIZED: 
JavaScript error: https://s0.2mdn.net/instream/video/client.js, line 32: NS_ERROR_NOT_INITIALIZED: 
JavaScript error: https://s0.2mdn.net/instream/video/client.js, line 32: NS_ERROR_NOT_INITIALIZED: 
JavaScript error: https://s0.2mdn.net/instream/video/client.js, line 32: NS_ERROR_NOT_INITIALIZED: 
JavaScript error: https://s0.2mdn.net/instream/video/client.js, line 32: NS_ERROR_NOT_INITIALIZED: 
JavaScript error: https://s0.2mdn.net/instream/video/client.js, line 32: NS_ERROR_NOT_INITIALIZED: 
JavaScript error: https://s0.2mdn.net/instream/video/client.js, line 32: NS_ERROR_NOT_INITIALIZED: 
JavaScript error: https://s0.2mdn.net/instream/video/client.js, line 32: NS_ERROR_NOT_INITIALIZED: 
JavaScript error: https://s0.2mdn.net/instream/video/client.js, line 32: NS_ERROR_NOT_INITIALIZED: 
JavaScript error: https://s0.2mdn.net/instream/video/client.js, line 32: NS_ERROR_NOT_INITIALIZED: 
JavaScript error: https://s0.2mdn.net/instream/video/client.js, line 32: NS_ERROR_NOT_INITIALIZED: 
JavaScript error: https://s0.2mdn.net/instream/video/client.js, line 32: NS_ERROR_NOT_INITIALIZED: 
JavaScript error: https://s0.2mdn.net/instream/video/client.js, line 32: NS_ERROR_NOT_INITIALIZED: 
JavaScript error: https://s0.2mdn.net/instream/video/client.js, line 32: NS_ERROR_NOT_INITIALIZED: 
JavaScript error: https://s0.2mdn.net/instream/video/client.js, line 32: NS_ERROR_NOT_INITIALIZED: 
JavaScript error: https://s0.2mdn.net/instream/video/client.js, line 32: NS_ERROR_NOT_INITIALIZED: 
JavaScript error: https://s0.2mdn.net/instream/video/client.js, line 32: NS_ERROR_NOT_INITIALIZED: 
JavaScript error: https://s0.2mdn.net/instream/video/client.js, line 32: NS_ERROR_NOT_INITIALIZED: 
JavaScript error: https://s0.2mdn.net/instream/video/client.js, line 32: NS_ERROR_NOT_INITIALIZED: 
JavaScript error: https://s0.2mdn.net/instream/video/client.js, line 32: NS_ERROR_NOT_INITIALIZED: 
JavaScript error: https://s0.2mdn.net/instream/video/client.js, line 32: NS_ERROR_NOT_INITIALIZED: 
JavaScript error: https://s0.2mdn.net/instream/video/client.js, line 32: NS_ERROR_NOT_INITIALIZED: 
JavaScript error: https://s0.2mdn.net/instream/video/client.js, line 32: NS_ERROR_NOT_INITIALIZED: 
JavaScript error: https://s0.2mdn.net/instream/video/client.js, line 32: NS_ERROR_NOT_INITIALIZED: 
JavaScript error: https://s0.2mdn.net/instream/video/client.js, line 32: NS_ERROR_NOT_INITIALIZED: 
JavaScript error: https://s0.2mdn.net/instream/video/client.js, line 32: NS_ERROR_NOT_INITIALIZED: 
JavaScript error: https://s0.2mdn.net/instream/video/client.js, line 32: NS_ERROR_NOT_INITIALIZED: 
JavaScript error: https://s0.2mdn.net/instream/video/client.js, line 32: NS_ERROR_NOT_INITIALIZED: 
JavaScript error: https://s0.2mdn.net/instream/video/client.js, line 32: NS_ERROR_NOT_INITIALIZED: 
JavaScript error: https://s0.2mdn.net/instream/video/client.js, line 32: NS_ERROR_NOT_INITIALIZED: 
JavaScript error: https://s0.2mdn.net/instream/video/client.js, line 32: NS_ERROR_NOT_INITIALIZED: 
JavaScript error: https://s0.2mdn.net/instream/video/client.js, line 32: NS_ERROR_NOT_INITIALIZED: 
JavaScript error: , line 0: TypeError: NetworkError when attempting to fetch resource.
JavaScript error: , line 0: InvalidStateError: An attempt was made to use an object that is not, or is no longer, usable

###!!! [Parent][RunMessage] Error: Channel closing: too late to send/recv, messages will be lost


###!!! [Parent][RunMessage] Error: Channel closing: too late to send/recv, messages will be lost


###!!! [Parent][RunMessage] Error: Channel closing: too late to send/recv, messages will be lost


###!!! [Parent][RunMessage] Error: Channel closing: too late to send/recv, messages will be lost


###!!! [Parent][RunMessage] Error: Channel closing: too late to send/recv, messages will be lost

1548575195164	mozrunner::runner	INFO	Running command: "/usr/bin/firefox" "-marionette" "-foreground" "-no-remote" "-profile" "/tmp/rust_mozprofile.eY0YLxrVlseu"
1548575196413	addons.webextension.screenshots@mozilla.org	WARN	Loading extension 'screenshots@mozilla.org': Reading manifest: Invalid host permission: resource://pdf.js/
1548575196414	addons.webextension.screenshots@mozilla.org	WARN	Loading extension 'screenshots@mozilla.org': Reading manifest: Invalid host permission: about:reader*

(firefox:4673): Gtk-WARNING **: 08:46:36.905: Theme parsing error: <data>:1:34: Expected ')' in color definition

(firefox:4673): Gtk-WARNING **: 08:46:36.905: Theme parsing error: <data>:1:77: Expected ')' in color definition
1548575199470	Marionette	INFO	Listening on port 33933
1548575199553	Marionette	WARN	TLS certificate errors will be ignored for this session
console.error: BroadcastService: 
  receivedBroadcastMessage: handler for
  remote-settings/monitor_changes
  threw error:
  Message: Error: Polling for changes failed: NetworkError when attempting to fetch resource..
  Stack:
    remoteSettingsFunction/remoteSettings.pollChanges@resource://services-settings/remote-settings.js:750:13

1548579222349	mozrunner::runner	INFO	Running command: "/usr/bin/firefox" "-marionette" "-foreground" "-no-remote" "-profile" "/tmp/rust_mozprofile.G3H0RIUHcS3l"
1548579222874	addons.webextension.screenshots@mozilla.org	WARN	Loading extension 'screenshots@mozilla.org': Reading manifest: Invalid host permission: resource://pdf.js/
1548579222876	addons.webextension.screenshots@mozilla.org	WARN	Loading extension 'screenshots@mozilla.org': Reading manifest: Invalid host permission: about:reader*

(firefox:5894): Gtk-WARNING **: 09:53:43.202: Theme parsing error: <data>:1:34: Expected ')' in color definition

(firefox:5894): Gtk-WARNING **: 09:53:43.208: Theme parsing error: <data>:1:77: Expected ')' in color definition
1548579224995	Marionette	INFO	Listening on port 34989
1548579225082	Marionette	WARN	TLS certificate errors will be ignored for this session
1548579357501	mozrunner::runner	INFO	Running command: "/usr/bin/firefox" "-marionette" "-foreground" "-no-remote" "-profile" "/tmp/rust_mozprofile.9wI3jyWRBG3v"
1548579357949	addons.webextension.screenshots@mozilla.org	WARN	Loading extension 'screenshots@mozilla.org': Reading manifest: Invalid host permission: resource://pdf.js/
1548579357949	addons.webextension.screenshots@mozilla.org	WARN	Loading extension 'screenshots@mozilla.org': Reading manifest: Invalid host permission: about:reader*

(firefox:6213): Gtk-WARNING **: 09:55:58.272: Theme parsing error: <data>:1:34: Expected ')' in color definition

(firefox:6213): Gtk-WARNING **: 09:55:58.273: Theme parsing error: <data>:1:77: Expected ')' in color definition
1548579360066	Marionette	INFO	Listening on port 44969
1548579360132	Marionette	WARN	TLS certificate errors will be ignored for this session
1548579424420	mozrunner::runner	INFO	Running command: "/usr/bin/firefox" "-marionette" "-foreground" "-no-remote" "-profile" "/tmp/rust_mozprofile.a5lZvV3BJCc6"
1548579424982	addons.webextension.screenshots@mozilla.org	WARN	Loading extension 'screenshots@mozilla.org': Reading manifest: Invalid host permission: resource://pdf.js/
1548579424983	addons.webextension.screenshots@mozilla.org	WARN	Loading extension 'screenshots@mozilla.org': Reading manifest: Invalid host permission: about:reader*

(firefox:6607): Gtk-WARNING **: 09:57:05.311: Theme parsing error: <data>:1:34: Expected ')' in color definition

(firefox:6607): Gtk-WARNING **: 09:57:05.312: Theme parsing error: <data>:1:77: Expected ')' in color definition
1548579427071	Marionette	INFO	Listening on port 43361
1548579427164	Marionette	WARN	TLS certificate errors will be ignored for this session
JavaScript error: , line 0: TypeError: NetworkError when attempting to fetch resource.
JavaScript error: resource:///actors/PageStyleChild.jsm, line 17: TypeError: mm is null
JavaScript error: resource:///actors/PageStyleChild.jsm, line 17: TypeError: mm is null

###!!! [Child][RunMessage] Error: Channel closing: too late to send/recv, messages will be lost

[Child 6681, Chrome_ChildThread] WARNING: pipe error (3): Connection reset by peer: file /build/firefox-wWf_B4/firefox-64.0+build3/ipc/chromium/src/chrome/common/ipc_channel_posix.cc, line 363
1548579453204	Marionette	INFO	Stopped listening on port 43361
[Parent 6213, Gecko_IOThread] WARNING: pipe error (106): Connection reset by peer: file /build/firefox-wWf_B4/firefox-64.0+build3/ipc/chromium/src/chrome/common/ipc_channel_posix.cc, line 363
[Parent 6213, Gecko_IOThread] WARNING: pipe error (95): Connection reset by peer: file /build/firefox-wWf_B4/firefox-64.0+build3/ipc/chromium/src/chrome/common/ipc_channel_posix.cc, line 363
1548579458160	Marionette	INFO	Stopped listening on port 44969
[Parent 5894, Gecko_IOThread] WARNING: pipe error (95): Connection reset by peer: file /build/firefox-wWf_B4/firefox-64.0+build3/ipc/chromium/src/chrome/common/ipc_channel_posix.cc, line 363
[Parent 5894, Gecko_IOThread] WARNING: pipe error (78): Connection reset by peer: file /build/firefox-wWf_B4/firefox-64.0+build3/ipc/chromium/src/chrome/common/ipc_channel_posix.cc, line 363
1548579460702	Marionette	INFO	Stopped listening on port 34989
1548579516215	mozrunner::runner	INFO	Running command: "/usr/bin/firefox" "-marionette" "-foreground" "-no-remote" "-profile" "/tmp/rust_mozprofile.tJiQnxgdMrU8"
1548579516642	addons.webextension.screenshots@mozilla.org	WARN	Loading extension 'screenshots@mozilla.org': Reading manifest: Invalid host permission: resource://pdf.js/
1548579516642	addons.webextension.screenshots@mozilla.org	WARN	Loading extension 'screenshots@mozilla.org': Reading manifest: Invalid host permission: about:reader*

(firefox:6956): Gtk-WARNING **: 09:58:36.923: Theme parsing error: <data>:1:34: Expected ')' in color definition

(firefox:6956): Gtk-WARNING **: 09:58:36.923: Theme parsing error: <data>:1:77: Expected ')' in color definition
1548579518272	Marionette	INFO	Listening on port 41025
1548579518335	Marionette	WARN	TLS certificate errors will be ignored for this session
JavaScript error: resource:///actors/NetErrorChild.jsm, line 651: NS_ERROR_FAILURE: Component returned failure code: 0x80004005 (NS_ERROR_FAILURE) [nsIStringBundle.GetStringFromName]
1548579650840	mozrunner::runner	INFO	Running command: "/usr/bin/firefox" "-marionette" "-foreground" "-no-remote" "-profile" "/tmp/rust_mozprofile.FKR7g3hI1Cd0"
1548579651437	addons.webextension.screenshots@mozilla.org	WARN	Loading extension 'screenshots@mozilla.org': Reading manifest: Invalid host permission: resource://pdf.js/
1548579651439	addons.webextension.screenshots@mozilla.org	WARN	Loading extension 'screenshots@mozilla.org': Reading manifest: Invalid host permission: about:reader*

(firefox:7300): Gtk-WARNING **: 10:00:51.806: Theme parsing error: <data>:1:34: Expected ')' in color definition

(firefox:7300): Gtk-WARNING **: 10:00:51.806: Theme parsing error: <data>:1:77: Expected ')' in color definition
1548579653504	Marionette	INFO	Listening on port 45273
1548579653588	Marionette	WARN	TLS certificate errors will be ignored for this session
1548579681685	Marionette	INFO	Stopped listening on port 45273
1548579697418	mozrunner::runner	INFO	Running command: "/usr/bin/firefox" "-marionette" "-foreground" "-no-remote" "-profile" "/tmp/rust_mozprofile.UlDJWfrX3XMg"
1548579697881	addons.webextension.screenshots@mozilla.org	WARN	Loading extension 'screenshots@mozilla.org': Reading manifest: Invalid host permission: resource://pdf.js/
1548579697881	addons.webextension.screenshots@mozilla.org	WARN	Loading extension 'screenshots@mozilla.org': Reading manifest: Invalid host permission: about:reader*

(firefox:7688): Gtk-WARNING **: 10:01:38.204: Theme parsing error: <data>:1:34: Expected ')' in color definition

(firefox:7688): Gtk-WARNING **: 10:01:38.204: Theme parsing error: <data>:1:77: Expected ')' in color definition
1548579699699	Marionette	INFO	Listening on port 36875
1548579699741	Marionette	WARN	TLS certificate errors will be ignored for this session
[Parent 7688, Gecko_IOThread] WARNING: pipe error (78): Connection reset by peer: file /build/firefox-wWf_B4/firefox-64.0+build3/ipc/chromium/src/chrome/common/ipc_channel_posix.cc, line 363
[Parent 7688, Gecko_IOThread] WARNING: pipe error (97): Connection reset by peer: file /build/firefox-wWf_B4/firefox-64.0+build3/ipc/chromium/src/chrome/common/ipc_channel_posix.cc, line 363
[Parent 7688, Gecko_IOThread] WARNING: pipe error (58): Connection reset by peer: file /build/firefox-wWf_B4/firefox-64.0+build3/ipc/chromium/src/chrome/common/ipc_channel_posix.cc, line 363
1548579703824	Marionette	INFO	Stopped listening on port 36875
[Parent 6956, Gecko_IOThread] WARNING: pipe error (108): Connection reset by peer: file /build/firefox-wWf_B4/firefox-64.0+build3/ipc/chromium/src/chrome/common/ipc_channel_posix.cc, line 363
[Parent 6956, Gecko_IOThread] WARNING: pipe error (118): Connection reset by peer: file /build/firefox-wWf_B4/firefox-64.0+build3/ipc/chromium/src/chrome/common/ipc_channel_posix.cc, line 363
1548579706986	Marionette	INFO	Stopped listening on port 41025
1548579711508	mozrunner::runner	INFO	Running command: "/usr/bin/firefox" "-marionette" "-foreground" "-no-remote" "-profile" "/tmp/rust_mozprofile.dx5Ogt9Z9uSf"
1548579711949	addons.webextension.screenshots@mozilla.org	WARN	Loading extension 'screenshots@mozilla.org': Reading manifest: Invalid host permission: resource://pdf.js/
1548579711949	addons.webextension.screenshots@mozilla.org	WARN	Loading extension 'screenshots@mozilla.org': Reading manifest: Invalid host permission: about:reader*

(firefox:8003): Gtk-WARNING **: 10:01:52.271: Theme parsing error: <data>:1:34: Expected ')' in color definition

(firefox:8003): Gtk-WARNING **: 10:01:52.272: Theme parsing error: <data>:1:77: Expected ')' in color definition
1548579713741	Marionette	INFO	Listening on port 35723
1548579713857	Marionette	WARN	TLS certificate errors will be ignored for this session
[Parent 8003, Gecko_IOThread] WARNING: pipe error (78): Connection reset by peer: file /build/firefox-wWf_B4/firefox-64.0+build3/ipc/chromium/src/chrome/common/ipc_channel_posix.cc, line 363
1548579717904	Marionette	INFO	Stopped listening on port 35723
1548579825496	mozrunner::runner	INFO	Running command: "/usr/bin/firefox" "-marionette" "-foreground" "-no-remote" "-profile" "/tmp/rust_mozprofile.sNkFnWWROySb"
1548579825969	addons.webextension.screenshots@mozilla.org	WARN	Loading extension 'screenshots@mozilla.org': Reading manifest: Invalid host permission: resource://pdf.js/
1548579825969	addons.webextension.screenshots@mozilla.org	WARN	Loading extension 'screenshots@mozilla.org': Reading manifest: Invalid host permission: about:reader*

(firefox:8422): Gtk-WARNING **: 10:03:46.290: Theme parsing error: <data>:1:34: Expected ')' in color definition

(firefox:8422): Gtk-WARNING **: 10:03:46.290: Theme parsing error: <data>:1:77: Expected ')' in color definition
1548579827716	Marionette	INFO	Listening on port 36565
1548579827813	Marionette	WARN	TLS certificate errors will be ignored for this session
console.error: BroadcastService: 
  receivedBroadcastMessage: handler for
  remote-settings/monitor_changes
  threw error:
  Message: Error: Polling for changes failed: NetworkError when attempting to fetch resource..
  Stack:
    remoteSettingsFunction/remoteSettings.pollChanges@resource://services-settings/remote-settings.js:750:13

1548580236944	mozrunner::runner	INFO	Running command: "/usr/bin/firefox" "-marionette" "-foreground" "-no-remote" "-profile" "/tmp/rust_mozprofile.E27HnR03XxyG"
1548580237533	addons.webextension.screenshots@mozilla.org	WARN	Loading extension 'screenshots@mozilla.org': Reading manifest: Invalid host permission: resource://pdf.js/
1548580237534	addons.webextension.screenshots@mozilla.org	WARN	Loading extension 'screenshots@mozilla.org': Reading manifest: Invalid host permission: about:reader*

(firefox:8773): Gtk-WARNING **: 10:10:37.888: Theme parsing error: <data>:1:34: Expected ')' in color definition

(firefox:8773): Gtk-WARNING **: 10:10:37.888: Theme parsing error: <data>:1:77: Expected ')' in color definition
1548580239627	Marionette	INFO	Listening on port 35887
1548580239672	Marionette	WARN	TLS certificate errors will be ignored for this session
console.error: BroadcastService: 
  receivedBroadcastMessage: handler for
  remote-settings/monitor_changes
  threw error:
  Message: Error: Polling for changes failed: NetworkError when attempting to fetch resource..
  Stack:
    remoteSettingsFunction/remoteSettings.pollChanges@resource://services-settings/remote-settings.js:750:13

1548580339582	mozrunner::runner	INFO	Running command: "/usr/bin/firefox" "-marionette" "-foreground" "-no-remote" "-profile" "/tmp/rust_mozprofile.u0mFqV11RDkT"
1548580340220	addons.webextension.screenshots@mozilla.org	WARN	Loading extension 'screenshots@mozilla.org': Reading manifest: Invalid host permission: resource://pdf.js/
1548580340221	addons.webextension.screenshots@mozilla.org	WARN	Loading extension 'screenshots@mozilla.org': Reading manifest: Invalid host permission: about:reader*

(firefox:9076): Gtk-WARNING **: 10:12:20.586: Theme parsing error: <data>:1:34: Expected ')' in color definition

(firefox:9076): Gtk-WARNING **: 10:12:20.586: Theme parsing error: <data>:1:77: Expected ')' in color definition
1548580342415	Marionette	INFO	Listening on port 43593
1548580342528	Marionette	WARN	TLS certificate errors will be ignored for this session
console.error: BroadcastService: 
  receivedBroadcastMessage: handler for
  remote-settings/monitor_changes
  threw error:
  Message: Error: Polling for changes failed: NetworkError when attempting to fetch resource..
  Stack:
    remoteSettingsFunction/remoteSettings.pollChanges@resource://services-settings/remote-settings.js:750:13

1548580481354	mozrunner::runner	INFO	Running command: "/usr/bin/firefox" "-marionette" "-foreground" "-no-remote" "-profile" "/tmp/rust_mozprofile.6Hxwr7ri266R"
1548580482118	addons.webextension.screenshots@mozilla.org	WARN	Loading extension 'screenshots@mozilla.org': Reading manifest: Invalid host permission: resource://pdf.js/
1548580482118	addons.webextension.screenshots@mozilla.org	WARN	Loading extension 'screenshots@mozilla.org': Reading manifest: Invalid host permission: about:reader*

(firefox:9449): Gtk-WARNING **: 10:14:42.591: Theme parsing error: <data>:1:34: Expected ')' in color definition

(firefox:9449): Gtk-WARNING **: 10:14:42.593: Theme parsing error: <data>:1:77: Expected ')' in color definition
1548580485107	Marionette	INFO	Listening on port 42199
1548580485239	Marionette	WARN	TLS certificate errors will be ignored for this session
console.error: BroadcastService: 
  receivedBroadcastMessage: handler for
  remote-settings/monitor_changes
  threw error:
  Message: Error: Polling for changes failed: NetworkError when attempting to fetch resource..
  Stack:
    remoteSettingsFunction/remoteSettings.pollChanges@resource://services-settings/remote-settings.js:750:13

[Parent 9449, Gecko_IOThread] WARNING: pipe error (96): Connection reset by peer: file /build/firefox-wWf_B4/firefox-64.0+build3/ipc/chromium/src/chrome/common/ipc_channel_posix.cc, line 363
[Parent 9449, Gecko_IOThread] WARNING: pipe error (106): Connection reset by peer: file /build/firefox-wWf_B4/firefox-64.0+build3/ipc/chromium/src/chrome/common/ipc_channel_posix.cc, line 363
1548580591687	mozrunner::runner	INFO	Running command: "/usr/bin/firefox" "-marionette" "-foreground" "-no-remote" "-profile" "/tmp/rust_mozprofile.Fq29PIqYdcko"
1548580592230	addons.webextension.screenshots@mozilla.org	WARN	Loading extension 'screenshots@mozilla.org': Reading manifest: Invalid host permission: resource://pdf.js/
1548580592230	addons.webextension.screenshots@mozilla.org	WARN	Loading extension 'screenshots@mozilla.org': Reading manifest: Invalid host permission: about:reader*

(firefox:9816): Gtk-WARNING **: 10:16:32.610: Theme parsing error: <data>:1:34: Expected ')' in color definition

(firefox:9816): Gtk-WARNING **: 10:16:32.610: Theme parsing error: <data>:1:77: Expected ')' in color definition
1548580594690	Marionette	INFO	Listening on port 37151
1548580594747	Marionette	WARN	TLS certificate errors will be ignored for this session
1548580665855	mozrunner::runner	INFO	Running command: "/usr/bin/firefox" "-marionette" "-foreground" "-no-remote" "-profile" "/tmp/rust_mozprofile.42fI8ZdglUHr"
1548580666586	addons.webextension.screenshots@mozilla.org	WARN	Loading extension 'screenshots@mozilla.org': Reading manifest: Invalid host permission: resource://pdf.js/
1548580666587	addons.webextension.screenshots@mozilla.org	WARN	Loading extension 'screenshots@mozilla.org': Reading manifest: Invalid host permission: about:reader*

(firefox:10209): Gtk-WARNING **: 10:17:46.956: Theme parsing error: <data>:1:34: Expected ')' in color definition

(firefox:10209): Gtk-WARNING **: 10:17:46.958: Theme parsing error: <data>:1:77: Expected ')' in color definition
1548580670151	Marionette	INFO	Listening on port 40309
1548580670219	Marionette	WARN	TLS certificate errors will be ignored for this session
console.error: BroadcastService: 
  receivedBroadcastMessage: handler for
  remote-settings/monitor_changes
  threw error:
  Message: Error: Polling for changes failed: NetworkError when attempting to fetch resource..
  Stack:
    remoteSettingsFunction/remoteSettings.pollChanges@resource://services-settings/remote-settings.js:750:13

console.error: BroadcastService: 
  receivedBroadcastMessage: handler for
  remote-settings/monitor_changes
  threw error:
  Message: Error: Polling for changes failed: NetworkError when attempting to fetch resource..
  Stack:
    remoteSettingsFunction/remoteSettings.pollChanges@resource://services-settings/remote-settings.js:750:13

1548580736096	mozrunner::runner	INFO	Running command: "/usr/bin/firefox" "-marionette" "-foreground" "-no-remote" "-profile" "/tmp/rust_mozprofile.Uep3ejF96soA"
1548580736720	addons.webextension.screenshots@mozilla.org	WARN	Loading extension 'screenshots@mozilla.org': Reading manifest: Invalid host permission: resource://pdf.js/
1548580736720	addons.webextension.screenshots@mozilla.org	WARN	Loading extension 'screenshots@mozilla.org': Reading manifest: Invalid host permission: about:reader*

(firefox:10585): Gtk-WARNING **: 10:18:57.155: Theme parsing error: <data>:1:34: Expected ')' in color definition

(firefox:10585): Gtk-WARNING **: 10:18:57.155: Theme parsing error: <data>:1:77: Expected ')' in color definition
1548580740532	Marionette	INFO	Listening on port 45151
1548580740552	Marionette	WARN	TLS certificate errors will be ignored for this session
1548580752352	Marionette	INFO	Stopped listening on port 45151

###!!! [Child][RunMessage] Error: Channel closing: too late to send/recv, messages will be lost

1548584387802	Marionette	INFO	Stopped listening on port 37151
1548584389385	Marionette	INFO	Stopped listening on port 35887
1548584390486	Marionette	INFO	Stopped listening on port 36565
[Parent 10209, Gecko_IOThread] WARNING: pipe error: Broken pipe: file /build/firefox-wWf_B4/firefox-64.0+build3/ipc/chromium/src/chrome/common/ipc_channel_posix.cc, line 736
1548584391846	Marionette	INFO	Stopped listening on port 40309
1548584393039	Marionette	INFO	Stopped listening on port 42199

###!!! [Child][RunMessage] Error: Channel closing: too late to send/recv, messages will be lost


###!!! [Child][RunMessage] Error: Channel closing: too late to send/recv, messages will be lost


###!!! [Child][RunMessage] Error: Channel closing: too late to send/recv, messages will be lost

[Parent 9076, Gecko_IOThread] WARNING: pipe error (58): Connection reset by peer: file /build/firefox-wWf_B4/firefox-64.0+build3/ipc/chromium/src/chrome/common/ipc_channel_posix.cc, line 363
1548584395433	Marionette	INFO	Stopped listening on port 43593
1548589677655	mozrunner::runner	INFO	Running command: "/usr/bin/firefox" "-marionette" "-foreground" "-no-remote" "-profile" "/tmp/rust_mozprofile.W4IkNSDmskJS"
1548589678676	addons.webextension.screenshots@mozilla.org	WARN	Loading extension 'screenshots@mozilla.org': Reading manifest: Invalid host permission: resource://pdf.js/
1548589678676	addons.webextension.screenshots@mozilla.org	WARN	Loading extension 'screenshots@mozilla.org': Reading manifest: Invalid host permission: about:reader*

(firefox:3554): Gtk-WARNING **: 12:47:59.112: Theme parsing error: <data>:1:34: Expected ')' in color definition

(firefox:3554): Gtk-WARNING **: 12:47:59.112: Theme parsing error: <data>:1:77: Expected ')' in color definition
1548589682097	Marionette	INFO	Listening on port 44879
1548589682167	Marionette	WARN	TLS certificate errors will be ignored for this session
console.error: BroadcastService: 
  receivedBroadcastMessage: handler for
  remote-settings/monitor_changes
  threw error:
  Message: Error: Polling for changes failed: NetworkError when attempting to fetch resource..
  Stack:
    remoteSettingsFunction/remoteSettings.pollChanges@resource://services-settings/remote-settings.js:750:13

1548589808254	mozrunner::runner	INFO	Running command: "/usr/bin/firefox" "-marionette" "-foreground" "-no-remote" "-profile" "/tmp/rust_mozprofile.kGirKPBpLOcL"
1548589808731	addons.webextension.screenshots@mozilla.org	WARN	Loading extension 'screenshots@mozilla.org': Reading manifest: Invalid host permission: resource://pdf.js/
1548589808731	addons.webextension.screenshots@mozilla.org	WARN	Loading extension 'screenshots@mozilla.org': Reading manifest: Invalid host permission: about:reader*

(firefox:4000): Gtk-WARNING **: 12:50:09.045: Theme parsing error: <data>:1:34: Expected ')' in color definition

(firefox:4000): Gtk-WARNING **: 12:50:09.046: Theme parsing error: <data>:1:77: Expected ')' in color definition
1548589811068	Marionette	INFO	Listening on port 39569
1548589811102	Marionette	WARN	TLS certificate errors will be ignored for this session
1548589823607	Marionette	INFO	Stopped listening on port 39569
JavaScript error: resource://gre/modules/WebProgressChild.jsm, line 58: TypeError: this.mm.content is null
[Parent 4000, Gecko_IOThread] WARNING: pipe error (78): Connection reset by peer: file /build/firefox-wWf_B4/firefox-64.0+build3/ipc/chromium/src/chrome/common/ipc_channel_posix.cc, line 363
1548589988331	mozrunner::runner	INFO	Running command: "/usr/bin/firefox" "-marionette" "-foreground" "-no-remote" "-profile" "/tmp/rust_mozprofile.XEzUOBxdwypp"
1548589988798	addons.webextension.screenshots@mozilla.org	WARN	Loading extension 'screenshots@mozilla.org': Reading manifest: Invalid host permission: resource://pdf.js/
1548589988798	addons.webextension.screenshots@mozilla.org	WARN	Loading extension 'screenshots@mozilla.org': Reading manifest: Invalid host permission: about:reader*

(firefox:4465): Gtk-WARNING **: 12:53:09.098: Theme parsing error: <data>:1:34: Expected ')' in color definition

(firefox:4465): Gtk-WARNING **: 12:53:09.098: Theme parsing error: <data>:1:77: Expected ')' in color definition
1548589990439	Marionette	INFO	Listening on port 36265
1548589990471	Marionette	WARN	TLS certificate errors will be ignored for this session
console.error: BroadcastService: 
  receivedBroadcastMessage: handler for
  remote-settings/monitor_changes
  threw error:
  Message: Error: Polling for changes failed: NetworkError when attempting to fetch resource..
  Stack:
    remoteSettingsFunction/remoteSettings.pollChanges@resource://services-settings/remote-settings.js:750:13

1548590133383	mozrunner::runner	INFO	Running command: "/usr/bin/firefox" "-marionette" "-foreground" "-no-remote" "-profile" "/tmp/rust_mozprofile.I5NU8noWa6Hr"
1548590133939	addons.webextension.screenshots@mozilla.org	WARN	Loading extension 'screenshots@mozilla.org': Reading manifest: Invalid host permission: resource://pdf.js/
1548590133939	addons.webextension.screenshots@mozilla.org	WARN	Loading extension 'screenshots@mozilla.org': Reading manifest: Invalid host permission: about:reader*

(firefox:4764): Gtk-WARNING **: 12:55:34.242: Theme parsing error: <data>:1:34: Expected ')' in color definition

(firefox:4764): Gtk-WARNING **: 12:55:34.242: Theme parsing error: <data>:1:77: Expected ')' in color definition
1548590135895	Marionette	INFO	Listening on port 43655
1548590135931	Marionette	WARN	TLS certificate errors will be ignored for this session

(/usr/lib/firefox/firefox:4833): dconf-WARNING **: 12:55:42.698: Unable to open /var/lib/snapd/desktop/dconf/profile/user: Permission denied
1548590363915	mozrunner::runner	INFO	Running command: "/usr/bin/firefox" "-marionette" "-foreground" "-no-remote" "-profile" "/tmp/rust_mozprofile.Sv5ih5gKH8m1"
1548590364491	addons.webextension.screenshots@mozilla.org	WARN	Loading extension 'screenshots@mozilla.org': Reading manifest: Invalid host permission: resource://pdf.js/
1548590364492	addons.webextension.screenshots@mozilla.org	WARN	Loading extension 'screenshots@mozilla.org': Reading manifest: Invalid host permission: about:reader*

(firefox:5130): Gtk-WARNING **: 12:59:24.844: Theme parsing error: <data>:1:34: Expected ')' in color definition

(firefox:5130): Gtk-WARNING **: 12:59:24.845: Theme parsing error: <data>:1:77: Expected ')' in color definition
1548590366894	Marionette	INFO	Listening on port 45873
1548590366968	Marionette	WARN	TLS certificate errors will be ignored for this session
JavaScript error: https://poczta.wp.pl/k/manifest-bundle_8a6d0e08.js, line 1: TypeError: modules[moduleId] is undefined
JavaScript error: https://poczta.wp.pl/k/manifest-bundle_8a6d0e08.js, line 1: TypeError: modules[moduleId] is undefined
console.error: BroadcastService: 
  receivedBroadcastMessage: handler for
  remote-settings/monitor_changes
  threw error:
  Message: Error: Polling for changes failed: NetworkError when attempting to fetch resource..
  Stack:
    remoteSettingsFunction/remoteSettings.pollChanges@resource://services-settings/remote-settings.js:750:13

console.error: BroadcastService: 
  receivedBroadcastMessage: handler for
  remote-settings/monitor_changes
  threw error:
  Message: Error: Polling for changes failed: NetworkError when attempting to fetch resource..
  Stack:
    remoteSettingsFunction/remoteSettings.pollChanges@resource://services-settings/remote-settings.js:750:13

1548590421753	Marionette	INFO	Stopped listening on port 45873
JavaScript error: resource://gre/modules/osfile/osfile_async_front.jsm, line 426: Error: OS.File has been shut down. Rejecting request to DirectoryIterator_prototype_close
JavaScript error: resource://gre/modules/osfile/osfile_async_front.jsm, line 426: Error: OS.File has been shut down. Rejecting request to stat
JavaScript error: resource://gre/modules/WebProgressChild.jsm, line 58: TypeError: this.mm.content is null
1548590425558	Marionette	INFO	Stopped listening on port 43655
[Parent 4465, Gecko_IOThread] WARNING: pipe error (78): Connection reset by peer: file /build/firefox-wWf_B4/firefox-64.0+build3/ipc/chromium/src/chrome/common/ipc_channel_posix.cc, line 363
[Parent 4465, Gecko_IOThread] WARNING: pipe error (108): Connection reset by peer: file /build/firefox-wWf_B4/firefox-64.0+build3/ipc/chromium/src/chrome/common/ipc_channel_posix.cc, line 363
1548590427120	Marionette	INFO	Stopped listening on port 36265
[Parent 3554, Gecko_IOThread] WARNING: pipe error (78): Connection reset by peer: file /build/firefox-wWf_B4/firefox-64.0+build3/ipc/chromium/src/chrome/common/ipc_channel_posix.cc, line 363
[Parent 3554, Gecko_IOThread] WARNING: pipe error (111): Connection reset by peer: file /build/firefox-wWf_B4/firefox-64.0+build3/ipc/chromium/src/chrome/common/ipc_channel_posix.cc, line 363
1548590430046	Marionette	INFO	Stopped listening on port 44879
1548590434375	mozrunner::runner	INFO	Running command: "/usr/bin/firefox" "-marionette" "-foreground" "-no-remote" "-profile" "/tmp/rust_mozprofile.QF8UErgJgzgX"
1548590434818	addons.webextension.screenshots@mozilla.org	WARN	Loading extension 'screenshots@mozilla.org': Reading manifest: Invalid host permission: resource://pdf.js/
1548590434818	addons.webextension.screenshots@mozilla.org	WARN	Loading extension 'screenshots@mozilla.org': Reading manifest: Invalid host permission: about:reader*

(firefox:5501): Gtk-WARNING **: 13:00:35.147: Theme parsing error: <data>:1:34: Expected ')' in color definition

(firefox:5501): Gtk-WARNING **: 13:00:35.147: Theme parsing error: <data>:1:77: Expected ')' in color definition
1548590436543	Marionette	INFO	Listening on port 41175
1548590436599	Marionette	WARN	TLS certificate errors will be ignored for this session
1548590446736	Marionette	INFO	Stopped listening on port 41175
JavaScript error: resource://gre/modules/WebProgressChild.jsm, line 58: TypeError: this.mm.content is null
